<?xml version="1.0" encoding="UTF-8"?>
<TestRun id="632ddcaf-d97e-4e49-a729-767180c57493" name="bitmask@BITQUAD 2008-12-01 13:25:18" runUser="bitQuad\bitmask" xmlns="http://microsoft.com/schemas/VisualStudio/TeamTest/2006">
  <TestRunConfiguration name="Local Test Run" id="0a227923-3949-46e0-949b-83c1bd7f48cd">
    <Description>This is a default test run configuration for a local test run.</Description>
    <Deployment runDeploymentRoot="c:\temp\linq-entityframework-part1\TestResults\bitmask_BITQUAD 2008-12-01 13_25_18">
      <DeploymentItem filename="c:\temp\linq-entityframework-part1\bin\Debug\linq-entityframework-part1.exe" />
    </Deployment>
    <TestTypeSpecific />
  </TestRunConfiguration>
  <ResultSummary outcome="Completed">
    <Counters total="1" executed="1" passed="1" error="0" failed="0" timeout="0" aborted="0" inconclusive="0" passedButRunAborted="0" notRunnable="0" notExecuted="0" disconnected="0" warning="0" completed="0" inProgress="0" pending="0" />
  </ResultSummary>
  <Times creation="2008-12-01T13:25:18.3537957-05:00" queuing="2008-12-01T13:25:19.4527957-05:00" start="2008-12-01T13:25:19.5907957-05:00" finish="2008-12-01T13:25:22.0527957-05:00" />
  <TestDefinitions>
    <UnitTest name="Context_Implements_An_Identity_Map" storage="c:\temp\eftests\bin\debug\eftests.dll" id="9ac7b849-3b69-6585-958e-d8afacdcc257">
      <Css projectStructure="" iteration="" />
      <Owners>
        <Owner name="" />
      </Owners>
      <Execution id="1a4f3707-e250-48f6-909a-c610171c1433" />
      <TestMethod codeBase="c:\temp\EFTests\bin\Debug\EFTests.dll" adapterTypeName="Microsoft.VisualStudio.TestTools.TestTypes.Unit.UnitTestAdapter, Microsoft.VisualStudio.QualityTools.Tips.UnitTest.Adapter, Version=9.0.0.0, Culture=neutral, PublicKeyToken=b03f5f7f11d50a3a" className="EFTests.UnitTest1, EFTests" name="Context_Implements_An_Identity_Map" />
    </UnitTest>
  </TestDefinitions>
  <TestLists>
    <TestList name="Results Not in a List" id="8c84fa94-04c1-424b-9868-57a2d4851a1d" />
    <TestList name="All Loaded Results" id="19431567-8539-422a-85d7-44ee4e166bda" />
  </TestLists>
  <TestEntries>
    <TestEntry testId="9ac7b849-3b69-6585-958e-d8afacdcc257" executionId="1a4f3707-e250-48f6-909a-c610171c1433" testListId="8c84fa94-04c1-424b-9868-57a2d4851a1d" />
  </TestEntries>
  <Results>
    <UnitTestResult executionId="1a4f3707-e250-48f6-909a-c610171c1433" testId="9ac7b849-3b69-6585-958e-d8afacdcc257" testName="Context_Implements_An_Identity_Map" computerName="BITQUAD" duration="00:00:00.3703514" startTime="2008-12-01T13:25:19.6457957-05:00" endTime="2008-12-01T13:25:20.4697957-05:00" testType="13cdc9d9-ddb5-4fa4-a97d-d965ccfc6d4b" outcome="Passed" testListId="8c84fa94-04c1-424b-9868-57a2d4851a1d">
      <Output>
      </Output>
    </UnitTestResult>
  </Results>
</TestRun>