<?xml version="1.0" encoding="UTF-8"?>
<TestRun id="23da8eff-55cb-48d9-a545-4d309c5928fc" name="bitmask@BITQUAD 2008-12-03 13:43:27" runUser="bitQuad\bitmask" xmlns="http://microsoft.com/schemas/VisualStudio/TeamTest/2006">
  <TestRunConfiguration name="Local Test Run" id="414701ff-bdf9-4cb1-9753-6a1ec0b317c3">
    <Description>This is a default test run configuration for a local test run.</Description>
    <Deployment runDeploymentRoot="c:\temp\linq-entityframework-part2\TestResults\bitmask_BITQUAD 2008-12-03 13_43_27">
      <DeploymentItem filename="c:\temp\linq-entityframework-part2\bin\Debug\linq-entityframework-part2.exe" />
    </Deployment>
    <TestTypeSpecific />
  </TestRunConfiguration>
  <ResultSummary outcome="Failed">
    <Counters total="1" executed="1" error="0" failed="1" timeout="0" aborted="0" inconclusive="0" passedButRunAborted="0" notRunnable="0" notExecuted="0" disconnected="0" warning="0" passed="0" completed="0" inProgress="0" pending="0" />
  </ResultSummary>
  <Times creation="2008-12-03T13:43:27.6560000-05:00" queuing="2008-12-03T13:43:31.2250000-05:00" start="2008-12-03T13:43:31.4500000-05:00" finish="2008-12-03T13:43:32.5570000-05:00" />
  <TestDefinitions>
    <UnitTest name="Unit_Of_Work_Is_Isolated" storage="c:\temp\testproject1\bin\debug\testproject1.dll" id="5a1d7557-935c-f3a7-3a94-daf0e24dd2bf">
      <Css projectStructure="" iteration="" />
      <Owners>
        <Owner name="" />
      </Owners>
      <Execution id="e80a7f75-c2a2-4a65-b693-f478643e5aa4" />
      <TestMethod codeBase="c:\temp\TestProject1\bin\Debug\TestProject1.dll" adapterTypeName="Microsoft.VisualStudio.TestTools.TestTypes.Unit.UnitTestAdapter, Microsoft.VisualStudio.QualityTools.Tips.UnitTest.Adapter, Version=9.0.0.0, Culture=neutral, PublicKeyToken=b03f5f7f11d50a3a" className="TestProject1.UnitTest1, TestProject1" name="Unit_Of_Work_Is_Isolated" />
    </UnitTest>
  </TestDefinitions>
  <TestLists>
    <TestList name="Results Not in a List" id="8c84fa94-04c1-424b-9868-57a2d4851a1d" />
    <TestList name="All Loaded Results" id="19431567-8539-422a-85d7-44ee4e166bda" />
  </TestLists>
  <TestEntries>
    <TestEntry testId="5a1d7557-935c-f3a7-3a94-daf0e24dd2bf" executionId="e80a7f75-c2a2-4a65-b693-f478643e5aa4" testListId="8c84fa94-04c1-424b-9868-57a2d4851a1d" />
  </TestEntries>
  <Results>
    <UnitTestResult executionId="e80a7f75-c2a2-4a65-b693-f478643e5aa4" testId="5a1d7557-935c-f3a7-3a94-daf0e24dd2bf" testName="Unit_Of_Work_Is_Isolated" computerName="BITQUAD" duration="00:00:00.1925994" startTime="2008-12-03T13:43:31.5880000-05:00" endTime="2008-12-03T13:43:32.3460000-05:00" testType="13cdc9d9-ddb5-4fa4-a97d-d965ccfc6d4b" outcome="Failed" testListId="8c84fa94-04c1-424b-9868-57a2d4851a1d">
      <Output>
        <ErrorInfo>
          <Message>Test method TestProject1.UnitTest1.Unit_Of_Work_Is_Isolated threw exception:  System.ArgumentException: The specified named connection is either not found in the configuration, not intended to be used with the EntityClient provider, or not valid..</Message>
          <StackTrace>    at System.Data.EntityClient.EntityConnection.ChangeConnectionString(String newConnectionString)
   at System.Data.EntityClient.EntityConnection..ctor(String connectionString)
   at System.Data.Objects.ObjectContext.CreateEntityConnection(String connectionString)
   at System.Data.Objects.ObjectContext..ctor(String connectionString, String defaultContainerName)
   at linq_entityframework_part2.MovieReviewEntities..ctor() in c:\temp\linq-entityframework-part2\moviereviews.designer.cs:line 27
   at TestProject1.UnitTest1.Unit_Of_Work_Is_Isolated() in c:\temp\TestProject1\UnitTest1.cs:line 67
</StackTrace>
        </ErrorInfo>
      </Output>
    </UnitTestResult>
  </Results>
</TestRun>